<?xml version="1.0" encoding="UTF-8"?>
<testsuite xmlns:xsi="http://www.w3.org/2001/XMLSchema-instance" xsi:noNamespaceSchemaLocation="https://maven.apache.org/surefire/maven-surefire-plugin/xsd/surefire-test-report-3.0.xsd" version="3.0" name="com.example.bookapi.BookapiApplicationTests" time="3.745" tests="1" errors="0" skipped="0" failures="0">
  <properties>
[...]
</properties>
  <testcase name="contextLoads" classname="com.example.bookapi.BookapiApplicationTests" time="0.957">
    <system-out><![CDATA[23:32:03.277 [main] INFO org.springframework.test.context.support.AnnotationConfigContextLoaderUtils -- Could not detect default configuration classes for test class [com.example.bookapi.BookapiApplicationTests]: BookapiApplicationTests does not declare any static, non-private, non-final, nested classes annotated with @Configuration.
23:32:03.404 [main] INFO org.springframework.boot.test.context.SpringBootTestContextBootstrapper -- Found @SpringBootConfiguration com.example.bookapi.BookapiApplication for test class com.example.bookapi.BookapiApplicationTests

  .   ____          _            __ _ _
 /\\ / ___'_ __ _ _(_)_ __  __ _ \ \ \ \
( ( )\___ | '_ | '_| | '_ \/ _` | \ \ \ \
 \\/  ___)| |_)| | | | | || (_| |  ) ) ) )
  '  |____| .__|_| |_|_| |_\__, | / / / /
 =========|_|==============|___/=/_/_/_/
 :: Spring Boot ::                (v3.2.5)

2024-05-18T23:32:03.925-06:00  INFO 39876 --- [bookapi] [           main] c.e.bookapi.BookapiApplicationTests      : Starting BookapiApplicationTests using Java 17.0.11 with PID 39876 (started by erick in D:\PracticaJavaMicro\bookapi\bookapi)
2024-05-18T23:32:03.927-06:00  INFO 39876 --- [bookapi] [           main] c.e.bookapi.BookapiApplicationTests      : No active profile set, falling back to 1 default profile: "default"
2024-05-18T23:32:05.033-06:00  WARN 39876 --- [bookapi] [           main] o.s.security.core.userdetails.User       : User.withDefaultPasswordEncoder() is considered unsafe for production and is only intended for sample applications.
2024-05-18T23:32:05.517-06:00  INFO 39876 --- [bookapi] [           main] o.s.s.web.DefaultSecurityFilterChain     : Will secure any request with [org.springframework.security.web.session.DisableEncodeUrlFilter@2eda4eeb, org.springframework.security.web.context.request.async.WebAsyncManagerIntegrationFilter@5ba90d8a, org.springframework.security.web.context.SecurityContextHolderFilter@5d878b25, org.springframework.security.web.header.HeaderWriterFilter@1bedc703, org.springframework.web.filter.CorsFilter@309dcdf3, org.springframework.security.web.authentication.logout.LogoutFilter@2574a9e3, org.springframework.security.web.authentication.www.BasicAuthenticationFilter@7d0100ea, org.springframework.security.web.savedrequest.RequestCacheAwareFilter@384fda47, org.springframework.security.web.servletapi.SecurityContextHolderAwareRequestFilter@3663d0ba, org.springframework.security.web.authentication.AnonymousAuthenticationFilter@7573b9ee, org.springframework.security.web.access.ExceptionTranslationFilter@3a7b2e2, org.springframework.security.web.access.intercept.FilterSecurityInterceptor@432af457]
2024-05-18T23:32:05.765-06:00  WARN 39876 --- [bookapi] [           main] ion$DefaultTemplateResolverConfiguration : Cannot find template location: classpath:/templates/ (please add some templates, check your Thymeleaf configuration, or set spring.thymeleaf.check-template-location=false)
2024-05-18T23:32:05.836-06:00  INFO 39876 --- [bookapi] [           main] c.e.bookapi.BookapiApplicationTests      : Started BookapiApplicationTests in 2.237 seconds (process running for 3.49)
]]></system-out>
  </testcase>
</testsuite>